<?xml version="1.0" encoding="UTF-8"?>
<testsuite xmlns:xsi="http://www.w3.org/2001/XMLSchema-instance" xsi:noNamespaceSchemaLocation="https://maven.apache.org/surefire/maven-surefire-plugin/xsd/surefire-test-report.xsd" version="3.0.2" name="com.deploymentDemo.SpringBootAppApplicationTests" time="3.05" tests="1" errors="0" skipped="0" failures="0">
  <properties>
[...]
</properties>
  <testcase name="contextLoads" classname="com.deploymentDemo.SpringBootAppApplicationTests" time="0.705">
    <system-out><![CDATA[09:46:17.376 [main] INFO org.springframework.test.context.support.AnnotationConfigContextLoaderUtils -- Could not detect default configuration classes for test class [com.deploymentDemo.SpringBootAppApplicationTests]: SpringBootAppApplicationTests does not declare any static, non-private, non-final, nested classes annotated with @Configuration.
09:46:17.475 [main] INFO org.springframework.boot.test.context.SpringBootTestContextBootstrapper -- Found @SpringBootConfiguration com.deploymentDemo.SpringBootAppApplication for test class com.deploymentDemo.SpringBootAppApplicationTests
09:46:17.614 [main] INFO org.springframework.boot.devtools.restart.RestartApplicationListener -- Restart disabled due to context in which it is running

  .   ____          _            __ _ _
 /\\ / ___'_ __ _ _(_)_ __  __ _ \ \ \ \
( ( )\___ | '_ | '_| | '_ \/ _` | \ \ \ \
 \\/  ___)| |_)| | | | | || (_| |  ) ) ) )
  '  |____| .__|_| |_|_| |_\__, | / / / /
 =========|_|==============|___/=/_/_/_/

 :: Spring Boot ::                (v3.4.1)

2026-05-06T09:46:17.869+05:30  INFO 26096 --- [Deployment Test] [           main] c.d.SpringBootAppApplicationTests        : Starting SpringBootAppApplicationTests using Java 23.0.2 with PID 26096 (started by Rishabh Verma in C:\Users\Rishabh Verma\springBootDeploymentTest)
2026-05-06T09:46:17.870+05:30  INFO 26096 --- [Deployment Test] [           main] c.d.SpringBootAppApplicationTests        : No active profile set, falling back to 1 default profile: "default"
2026-05-06T09:46:19.396+05:30  INFO 26096 --- [Deployment Test] [           main] o.s.b.a.e.web.EndpointLinksResolver      : Exposing 1 endpoint beneath base path '/actuator'
2026-05-06T09:46:19.440+05:30  INFO 26096 --- [Deployment Test] [           main] c.d.SpringBootAppApplicationTests        : Started SpringBootAppApplicationTests in 1.837 seconds (process running for 2.63)
]]></system-out>
    <system-err><![CDATA[Mockito is currently self-attaching to enable the inline-mock-maker. This will no longer work in future releases of the JDK. Please add Mockito as an agent to your build what is described in Mockito's documentation: https://javadoc.io/doc/org.mockito/mockito-core/latest/org/mockito/Mockito.html#0.3
WARNING: A Java agent has been loaded dynamically (C:\Users\Rishabh Verma\.m2\repository\net\bytebuddy\byte-buddy-agent\1.15.11\byte-buddy-agent-1.15.11.jar)
WARNING: If a serviceability tool is in use, please run with -XX:+EnableDynamicAgentLoading to hide this warning
WARNING: If a serviceability tool is not in use, please run with -Djdk.instrument.traceUsage for more information
WARNING: Dynamic loading of agents will be disallowed by default in a future release
]]></system-err>
  </testcase>
</testsuite>